<?xml version="1.0" encoding="UTF-8"?>
<testsuite xmlns:xsi="http://www.w3.org/2001/XMLSchema-instance" xsi:noNamespaceSchemaLocation="https://maven.apache.org/surefire/maven-surefire-plugin/xsd/surefire-test-report.xsd" version="3.0.2" name="com.packt.spring.ai.examples.connect4.ConnectFourBoardGameUnitTests" time="0.105" tests="4" errors="0" skipped="0" failures="0">
  <properties>
[...]
</properties>
  <testcase name="gameBoardFour" classname="com.packt.spring.ai.examples.connect4.ConnectFourBoardGameUnitTests" time="0.077">
    <system-out><![CDATA[ --- --- --- --- --- --- ---
|   |   |   |   |   |   |   |
 --- --- --- --- --- --- ---
| O |   |   |   |   |   |   |
 --- --- --- --- --- --- ---
| O |   |   |   |   |   |   |
 --- --- --- --- --- --- ---
| O |   |   |   |   |   |   |
 --- --- --- --- --- --- ---
| O |   |   |   |   |   | X |
 --- --- --- --- --- --- ---
| X | X | X | O |   |   | X |
 --- --- --- --- --- --- ---

]]></system-out>
  </testcase>
  <testcase name="gameBoardThree" classname="com.packt.spring.ai.examples.connect4.ConnectFourBoardGameUnitTests" time="0.002">
    <system-out><![CDATA[ --- --- --- --- --- --- ---
|   |   |   |   |   |   |   |
 --- --- --- --- --- --- ---
|   |   |   |   |   |   |   |
 --- --- --- --- --- --- ---
| O |   |   |   |   |   |   |
 --- --- --- --- --- --- ---
| X | O |   |   |   |   |   |
 --- --- --- --- --- --- ---
| O | O | O |   |   |   | X |
 --- --- --- --- --- --- ---
| X | X | X | O |   |   | X |
 --- --- --- --- --- --- ---

]]></system-out>
  </testcase>
  <testcase name="gameBoardOne" classname="com.packt.spring.ai.examples.connect4.ConnectFourBoardGameUnitTests" time="0.002">
    <system-out><![CDATA[ --- --- --- --- --- --- ---
|   |   |   |   |   |   |   |
 --- --- --- --- --- --- ---
|   |   |   |   |   |   |   |
 --- --- --- --- --- --- ---
| O |   |   |   |   |   |   |
 --- --- --- --- --- --- ---
| O |   |   |   |   |   |   |
 --- --- --- --- --- --- ---
| O |   |   |   |   |   |   |
 --- --- --- --- --- --- ---
| X | X | X | X |   |   |   |
 --- --- --- --- --- --- ---

]]></system-out>
  </testcase>
  <testcase name="gameBoardTwo" classname="com.packt.spring.ai.examples.connect4.ConnectFourBoardGameUnitTests" time="0.001">
    <system-out><![CDATA[ --- --- --- --- --- --- ---
|   |   |   |   |   |   |   |
 --- --- --- --- --- --- ---
|   |   |   |   |   |   |   |
 --- --- --- --- --- --- ---
| O |   |   |   |   |   |   |
 --- --- --- --- --- --- ---
| O |   |   |   |   |   |   |
 --- --- --- --- --- --- ---
| O |   |   |   |   |   |   |
 --- --- --- --- --- --- ---
| X | X | X |   |   |   |   |
 --- --- --- --- --- --- ---

]]></system-out>
  </testcase>
</testsuite>